<?xml version="1.0" encoding="UTF-8"?>
<!-- Generated by org.testng.reporters.JUnitReportReporter -->
<testsuite hostname="LAPTOP-9PJ4JDBJ" failures="0" tests="1" name="com.saucedemo.tests.SauceDemoTest" time="5.904" errors="0" timestamp="2024-12-04T14:25:01 IST" skipped="0">
  <testcase classname="com.saucedemo.tests.SauceDemoTest" name="testSauceDemo" time="5.904"/>
  <system-out/>
</testsuite> <!-- com.saucedemo.tests.SauceDemoTest -->
