<?xml version="1.0" encoding="UTF-8"?>
<!-- Generated by org.testng.reporters.JUnitReportReporter -->
<testsuite hostname="LAPTOP-9PJ4JDBJ" failures="0" tests="1" name="tests.CheckoutTest" time="1.112" errors="0" timestamp="2024-12-01T11:02:30 IST" skipped="0">
  <testcase classname="tests.CheckoutTest" name="testCheckoutProcess" time="1.112"/>
  <system-out/>
</testsuite> <!-- tests.CheckoutTest -->
